<?xml version="1.0" encoding="UTF-8"?>
<!-- Generated by org.testng.reporters.JUnitReportReporter -->
<testsuite hostname="DESKTOP-580KLSO" failures="0" tests="5" name="testng.Convert_to_xml" time="7.059" errors="0" timestamp="2023-05-14T23:08:40 EDT" skipped="0">
  <testcase classname="testng.Convert_to_xml" name="selenium" time="1.423"/>
  <system-out/>
  <testcase classname="testng.Convert_to_xml" name="gnail" time="1.338"/>
  <system-out/>
  <testcase classname="testng.Convert_to_xml" name="twitter" time="2.243"/>
  <system-out/>
  <testcase classname="testng.Convert_to_xml" name="google" time="0.955"/>
  <system-out/>
  <testcase classname="testng.Convert_to_xml" name="facebook" time="1.100"/>
  <system-out/>
</testsuite> <!-- testng.Convert_to_xml -->
