<?xml version="1.0" encoding="UTF-8"?>
<!-- Generated by org.testng.reporters.JUnitReportReporter -->
<testsuite hostname="DESKTOP-580KLSO" failures="0" tests="5" name="testng.xml_include_exculde" time="6.516" errors="0" timestamp="2023-05-14T14:48:43 EDT" skipped="0">
  <testcase classname="testng.xml_include_exculde" name="google" time="1.095"/>
  <system-out/>
  <testcase classname="testng.xml_include_exculde" name="facebook" time="0.961"/>
  <system-out/>
  <testcase classname="testng.xml_include_exculde" name="selenium" time="1.130"/>
  <system-out/>
  <testcase classname="testng.xml_include_exculde" name="gnail" time="1.470"/>
  <system-out/>
  <testcase classname="testng.xml_include_exculde" name="twitter" time="1.860"/>
  <system-out/>
</testsuite> <!-- testng.xml_include_exculde -->
