<?xml version="1.0" encoding="UTF-8"?>
<!-- Generated by org.testng.reporters.JUnitReportReporter -->
<testsuite hostname="DESKTOP-580KLSO" failures="0" tests="1" name="verifytabtitleurlandtexttolink.VerifyWebsiteTitleURLTEXT" time="4.105" errors="0" timestamp="2023-05-24T17:46:54 EDT" skipped="0">
  <testcase classname="verifytabtitleurlandtexttolink.VerifyWebsiteTitleURLTEXT" name="verifyWebTitle" time="4.105"/>
  <system-out/>
</testsuite> <!-- verifytabtitleurlandtexttolink.VerifyWebsiteTitleURLTEXT -->
