<?xml version="1.0" encoding="UTF-8"?>
<!-- Generated by org.testng.reporters.JUnitReportReporter -->
<testsuite hostname="DESKTOP-580KLSO" failures="0" tests="1" name="testng.Log4j" time="5.054" errors="0" timestamp="2023-05-23T10:56:15 EDT" skipped="0">
  <testcase classname="testng.Log4j" name="googleSearch" time="5.054"/>
  <system-out/>
</testsuite> <!-- testng.Log4j -->
