<?xml version="1.0" encoding="UTF-8"?>
<!-- Generated by org.testng.reporters.JUnitReportReporter -->
<testsuite hostname="DESKTOP-580KLSO" failures="0" tests="4" name="testng.EnabledFlase" time="6.312" errors="0" timestamp="2023-05-11T15:06:08 EDT" skipped="1">
  <testcase classname="testng.EnabledFlase" name="gmail" time="1.666"/>
  <system-out/>
  <testcase classname="testng.EnabledFlase" name="google" time="0.940"/>
  <system-out/>
  <testcase classname="testng.EnabledFlase" name="amazon" time="3.706"/>
  <system-out/>
  <testcase classname="testng.EnabledFlase" name="facebook">
    <skipped/>
  </testcase> <!-- facebook -->
  <system-out/>
</testsuite> <!-- testng.EnabledFlase -->
