<?xml version="1.0" encoding="UTF-8"?>
<!-- Generated by org.testng.reporters.JUnitReportReporter -->
<testsuite hostname="DESKTOP-580KLSO" failures="0" tests="3" name="testng.ActionsClassFeatures" time="10.866" errors="0" timestamp="2023-05-19T11:05:52 EDT" skipped="2">
  <testcase classname="testng.ActionsClassFeatures" name="draganddrop" time="10.866"/>
  <system-out/>
  <testcase classname="testng.ActionsClassFeatures" name="rightClick">
    <skipped/>
  </testcase> <!-- rightClick -->
  <system-out/>
  <testcase classname="testng.ActionsClassFeatures" name="doubletClick">
    <skipped/>
  </testcase> <!-- doubletClick -->
  <system-out/>
</testsuite> <!-- testng.ActionsClassFeatures -->
