<?xml version="1.0" encoding="UTF-8"?>
<!-- Generated by org.testng.reporters.JUnitReportReporter -->
<testsuite hostname="DESKTOP-580KLSO" failures="0" tests="5" name="testng.Actionsclass" time="5.800" errors="0" timestamp="2023-05-19T23:10:42 EDT" skipped="4">
  <testcase classname="testng.Actionsclass" name="keyboardFunctions" time="5.800"/>
  <system-out/>
  <testcase classname="testng.Actionsclass" name="dragAndDrop">
    <skipped/>
  </testcase> <!-- dragAndDrop -->
  <system-out/>
  <testcase classname="testng.Actionsclass" name="mouseover">
    <skipped/>
  </testcase> <!-- mouseover -->
  <system-out/>
  <testcase classname="testng.Actionsclass" name="rightClick">
    <skipped/>
  </testcase> <!-- rightClick -->
  <system-out/>
  <testcase classname="testng.Actionsclass" name="doubleClick">
    <skipped/>
  </testcase> <!-- doubleClick -->
  <system-out/>
</testsuite> <!-- testng.Actionsclass -->
