<?xml version="1.0" encoding="UTF-8"?>
<!-- Generated by org.testng.reporters.JUnitReportReporter -->
<testsuite hostname="DESKTOP-580KLSO" failures="0" tests="1" name="testng.Dropdown" time="7.871" errors="0" timestamp="2023-05-19T23:10:04 EDT" skipped="0">
  <testcase classname="testng.Dropdown" name="dropdown" time="7.871"/>
  <system-out/>
</testsuite> <!-- testng.Dropdown -->
