<?xml version="1.0" encoding="UTF-8"?>
<!-- Generated by org.testng.reporters.JUnitReportReporter -->
<testsuite hostname="DESKTOP-580KLSO" failures="0" tests="1" name="testng.Browserlaunch" time="1.386" errors="0" timestamp="2023-05-14T23:20:39 EDT" skipped="0">
  <testcase classname="testng.Browserlaunch" name="google" time="1.386"/>
  <system-out/>
</testsuite> <!-- testng.Browserlaunch -->
