<?xml version="1.0" encoding="UTF-8"?>
<!-- Generated by org.testng.reporters.JUnitReportReporter -->
<testsuite hostname="DESKTOP-580KLSO" failures="0" tests="1" name="screenshots.DateFormat" time="5.650" errors="0" timestamp="2023-05-24T15:51:38 EDT" skipped="0">
  <testcase classname="screenshots.DateFormat" name="screenshots" time="5.650"/>
  <system-out/>
</testsuite> <!-- screenshots.DateFormat -->
