<?xml version="1.0" encoding="UTF-8"?>
<!-- Generated by org.testng.reporters.JUnitReportReporter -->
<testsuite hostname="DESKTOP-580KLSO" failures="0" tests="3" name="testng.Priority" time="4.727" errors="0" timestamp="2023-05-11T15:07:25 EDT" skipped="0">
  <testcase classname="testng.Priority" name="facebook" time="1.270"/>
  <system-out/>
  <testcase classname="testng.Priority" name="twitter" time="1.967"/>
  <system-out/>
  <testcase classname="testng.Priority" name="gmail" time="1.490"/>
  <system-out/>
</testsuite> <!-- testng.Priority -->
