<?xml version="1.0" encoding="UTF-8"?>
<!-- Generated by org.testng.reporters.JUnitReportReporter -->
<testsuite hostname="DESKTOP-580KLSO" failures="0" tests="2" name="testng.Dependsonmethod" time="1.463" errors="0" timestamp="2023-05-14T14:40:25 EDT" skipped="0">
  <testcase classname="testng.Dependsonmethod" name="method2" time="1.131"/>
  <system-out/>
  <testcase classname="testng.Dependsonmethod" name="method1" time="0.332"/>
  <system-out/>
</testsuite> <!-- testng.Dependsonmethod -->
