<?xml version="1.0" encoding="UTF-8"?>
<!-- Generated by org.testng.reporters.JUnitReportReporter -->
<testsuite hostname="DESKTOP-580KLSO" failures="0" tests="3" name="testng.Alphabaticalorder" time="5.607" errors="0" timestamp="2023-05-19T23:09:32 EDT" skipped="0">
  <testcase classname="testng.Alphabaticalorder" name="google" time="0.876"/>
  <system-out/>
  <testcase classname="testng.Alphabaticalorder" name="amazon" time="3.083"/>
  <system-out/>
  <testcase classname="testng.Alphabaticalorder" name="gmail" time="1.648"/>
  <system-out/>
</testsuite> <!-- testng.Alphabaticalorder -->
