<?xml version="1.0" encoding="UTF-8"?>
<!-- Generated by org.testng.reporters.JUnitReportReporter -->
<testsuite hostname="DESKTOP-580KLSO" failures="0" tests="1" name="Sikuli.Desktopautomation" time="1.844" errors="0" timestamp="2023-05-23T21:50:12 EDT" skipped="0">
  <testcase classname="Sikuli.Desktopautomation" name="f" time="1.844"/>
  <system-out/>
</testsuite> <!-- Sikuli.Desktopautomation -->
